<?xml version="1.0" encoding="UTF-8"?>
<!-- Generated by org.testng.reporters.JUnitReportReporter -->
<testsuite hostname="DVCINH6092278" name="Work_folder.validateNavBar" tests="1" failures="0" timestamp="15 Apr 2021 19:05:00 GMT" time="10.198" errors="0">
  <testcase name="validateVavigationBar" time="10.198" classname="Work_folder.validateNavBar"/>
</testsuite> <!-- Work_folder.validateNavBar -->
