<?xml version="1.0" encoding="UTF-8"?>
<!-- Generated by org.testng.reporters.JUnitReportReporter -->
<testsuite hostname="DVCINH6092278" name="Work_folder.HomePage" tests="2" failures="0" timestamp="15 Apr 2021 19:05:00 GMT" time="20.448" errors="0">
  <testcase name="basePageNavigation" time="4.143" classname="Work_folder.HomePage"/>
  <testcase name="basePageNavigation" time="16.305" classname="Work_folder.HomePage"/>
</testsuite> <!-- Work_folder.HomePage -->
