<?xml version="1.0" encoding="UTF-8"?>
<!-- Generated by org.testng.reporters.JUnitReportReporter -->
<testsuite hostname="DVCINH6092278" name="Work_folder.ValidateTitle" tests="1" failures="0" timestamp="22 Apr 2021 20:53:38 GMT" time="15.594" errors="0">
  <testcase name="validatetitle" time="15.594" classname="Work_folder.ValidateTitle"/>
</testsuite> <!-- Work_folder.ValidateTitle -->
