<?xml version="1.0" encoding="UTF-8"?>
<!-- Generated by org.testng.reporters.JUnitReportReporter -->
<testsuite skipped="0" hostname="DVCINH6092278" name="Work_folder.validateNavBar" tests="1" failures="0" timestamp="22 Apr 2021 20:55:07 GMT" time="11.332" errors="0">
  <testcase name="validateVavigationBar" time="11.332" classname="Work_folder.validateNavBar"/>
</testsuite> <!-- Work_folder.validateNavBar -->
