<?xml version="1.0" encoding="UTF-8"?>
<!-- Generated by org.testng.reporters.JUnitReportReporter -->
<testsuite skipped="0" hostname="DVCINH6092278" name="Work_folder.HomePage" tests="2" failures="0" timestamp="15 Apr 2021 19:23:20 GMT" time="25.763" errors="0">
  <testcase name="basePageNavigation" time="5.669" classname="Work_folder.HomePage"/>
  <testcase name="basePageNavigation" time="20.094" classname="Work_folder.HomePage"/>
</testsuite> <!-- Work_folder.HomePage -->
