<?xml version="1.0" encoding="UTF-8"?>
<!-- Generated by org.testng.reporters.JUnitReportReporter -->
<testsuite skipped="0" hostname="DVCINH6092278" name="Work_folder.Newtest" tests="1" failures="0" timestamp="22 Apr 2021 20:55:07 GMT" time="10.135" errors="0">
  <testcase name="NewTestMethod" time="10.135" classname="Work_folder.Newtest"/>
</testsuite> <!-- Work_folder.Newtest -->
