<?xml version="1.0" encoding="UTF-8"?>
<!-- Generated by org.testng.reporters.JUnitReportReporter -->
<testsuite skipped="0" hostname="DVCINH6092278" name="Work_folder.ValidateTitle" tests="1" failures="0" timestamp="22 Apr 2021 20:55:07 GMT" time="16.790" errors="0">
  <testcase name="validatetitle" time="16.790" classname="Work_folder.ValidateTitle"/>
</testsuite> <!-- Work_folder.ValidateTitle -->
