<?xml version="1.0" encoding="UTF-8"?>
<!-- Generated by org.testng.reporters.JUnitReportReporter -->
<testsuite skipped="0" hostname="DVCINH6092278" name="Work_folder.validateNavBar" tests="1" failures="0" timestamp="15 Apr 2021 19:23:20 GMT" time="13.369" errors="0">
  <testcase name="validateVavigationBar" time="13.369" classname="Work_folder.validateNavBar"/>
</testsuite> <!-- Work_folder.validateNavBar -->
