<?xml version="1.0" encoding="UTF-8"?>
<!-- Generated by org.testng.reporters.JUnitReportReporter -->
<testsuite skipped="0" hostname="DVCINH6092278" name="Work_folder.HomePage" tests="2" failures="0" timestamp="19 Apr 2021 20:57:06 GMT" time="34.633" errors="0">
  <testcase name="basePageNavigation" time="26.541" classname="Work_folder.HomePage"/>
  <testcase name="basePageNavigation" time="8.092" classname="Work_folder.HomePage"/>
</testsuite> <!-- Work_folder.HomePage -->
