<?xml version="1.0" encoding="UTF-8"?>
<!-- Generated by org.testng.reporters.JUnitReportReporter -->
<testsuite skipped="0" hostname="DVCINH6092278" name="Work_folder.HomePage" tests="2" failures="0" timestamp="22 Apr 2021 20:55:07 GMT" time="21.623" errors="0">
  <testcase name="basePageNavigation" time="15.341" classname="Work_folder.HomePage"/>
  <testcase name="basePageNavigation" time="6.282" classname="Work_folder.HomePage"/>
</testsuite> <!-- Work_folder.HomePage -->
